[debug] [2021-10-18T08:46:18.038Z] ----------------------------------------------------------------------
[debug] [2021-10-18T08:46:18.040Z] Command:       D:\D Program Files\nodejs\node.exe C:\Users\esthe\AppData\Roaming\npm\node_modules\firebase-tools\lib\bin\firebase.js init
[debug] [2021-10-18T08:46:18.040Z] CLI Version:   9.20.0
[debug] [2021-10-18T08:46:18.040Z] Platform:      win32
[debug] [2021-10-18T08:46:18.040Z] Node Version:  v16.7.0
[debug] [2021-10-18T08:46:18.041Z] Time:          Mon Oct 18 2021 16:46:18 GMT+0800 (Malaysia Time)
[debug] [2021-10-18T08:46:18.041Z] ----------------------------------------------------------------------
[debug] 
[debug] [2021-10-18T08:46:18.043Z] >>> [apiv2][query] GET https://firebase-public.firebaseio.com/cli.json [none]
[debug] [2021-10-18T08:46:18.105Z] > command requires scopes: ["email","openid","https://www.googleapis.com/auth/cloudplatformprojects.readonly","https://www.googleapis.com/auth/firebase","https://www.googleapis.com/auth/cloud-platform"]
[debug] [2021-10-18T08:46:18.105Z] > authorizing via signed-in user (qiaoyanandyang@gmail.com)
[info] 
     ######## #### ########  ######## ########     ###     ######  ########
     ##        ##  ##     ## ##       ##     ##  ##   ##  ##       ##
     ######    ##  ########  ######   ########  #########  ######  ######
     ##        ##  ##    ##  ##       ##     ## ##     ##       ## ##
     ##       #### ##     ## ######## ########  ##     ##  ######  ########

You're about to initialize a Firebase project in this directory:

  D:\Microsoft VS Code Files\Udemy_React\great-quotes

Before we get started, keep in mind:

  * You are initializing within an existing Firebase project directory

[debug] [2021-10-18T08:46:18.807Z] <<< [apiv2][status] GET https://firebase-public.firebaseio.com/cli.json 200
[debug] [2021-10-18T08:46:18.807Z] <<< [apiv2][body] GET https://firebase-public.firebaseio.com/cli.json {"cloudBuildErrorAfter":1594252800000,"cloudBuildWarnAfter":1590019200000,"defaultNode10After":1594252800000,"minVersion":"3.0.5","node8DeploysDisabledAfter":1613390400000,"node8RuntimeDisabledAfter":1615809600000,"node8WarnAfter":1600128000000}
[info] 
=== Project Setup
[info] 
[info] First, let's associate this project directory with a Firebase project.
[info] You can create multiple project aliases by running firebase use --add, 
[info] but for now we'll just set up a default project.
[info] 
[info] i  .firebaserc already has a default project, using movie-app-53da7. 
[debug] [2021-10-18T08:47:28.911Z] > refreshing access token with scopes: []
[debug] [2021-10-18T08:47:28.911Z] >>> HTTP REQUEST POST https://www.googleapis.com/oauth2/v3/token  
 <request body omitted>
[debug] [2021-10-18T08:47:29.037Z] <<< HTTP RESPONSE 200 {"cache-control":"no-cache, no-store, max-age=0, must-revalidate","pragma":"no-cache","expires":"Mon, 01 Jan 1990 00:00:00 GMT","date":"Mon, 18 Oct 2021 08:47:29 GMT","content-type":"application/json; charset=utf-8","vary":"X-Origin, Referer, Origin,Accept-Encoding","server":"scaffolding on HTTPServer2","x-xss-protection":"0","x-frame-options":"SAMEORIGIN","x-content-type-options":"nosniff","alt-svc":"h3=\":443\"; ma=2592000,h3-29=\":443\"; ma=2592000,h3-T051=\":443\"; ma=2592000,h3-Q050=\":443\"; ma=2592000,h3-Q046=\":443\"; ma=2592000,h3-Q043=\":443\"; ma=2592000,quic=\":443\"; ma=2592000; v=\"46,43\"","accept-ranges":"none","transfer-encoding":"chunked"}
[debug] [2021-10-18T08:47:29.055Z] >>> [apiv2][query] GET https://firebase.googleapis.com/v1beta1/projects/movie-app-53da7 [none]
[debug] [2021-10-18T08:47:29.592Z] <<< [apiv2][status] GET https://firebase.googleapis.com/v1beta1/projects/movie-app-53da7 200
[debug] [2021-10-18T08:47:29.592Z] <<< [apiv2][body] GET https://firebase.googleapis.com/v1beta1/projects/movie-app-53da7 {"projectId":"movie-app-53da7","projectNumber":"1067736916920","displayName":"react-app-great-quotes","name":"projects/movie-app-53da7","resources":{"hostingSite":"movie-app-53da7","realtimeDatabaseInstance":"movie-app-53da7-default-rtdb"},"state":"ACTIVE"}
[info] 
=== Hosting Setup
[info] 
[info] Your public directory is the folder (relative to your project directory) that
[info] will contain Hosting assets to be uploaded with firebase deploy. If you
[info] have a build process for your assets, use your build's output directory.
[info] 
